<?xml version="1.0" encoding="UTF-8"?>
<!-- Generated by org.testng.reporters.JUnitXMLReporter -->
<testsuite ignored="0" hostname="DESKTOP-0H09CVT" failures="0" tests="1" name="Test" time="0.914" errors="0" timestamp="2023-08-02T08:51:14 IST">
  <testcase classname="Com.ECommerce.BaseClass.SimpleBaseClass" name="@BeforeMethod SimpleBaseClass" time="0.733">
    <failure type="java.lang.IllegalStateException" message="The path to the driver executable Unable to locate the chromedriver executable; for more information on how to install drivers, see https://www.selenium.dev/documentation/webdriver/getting_started/install_drivers/">
      <![CDATA[java.lang.IllegalStateException: The path to the driver executable Unable to locate the chromedriver executable; for more information on how to install drivers, see https://www.selenium.dev/documentation/webdriver/getting_started/install_drivers/
at org.openqa.selenium.internal.Require$StateChecker.nonNull(Require.java:314)
at org.openqa.selenium.remote.service.DriverFinder.getPath(DriverFinder.java:33)
at org.openqa.selenium.chrome.ChromeDriver.generateExecutor(ChromeDriver.java:98)
at org.openqa.selenium.chrome.ChromeDriver.<init>(ChromeDriver.java:88)
at org.openqa.selenium.chrome.ChromeDriver.<init>(ChromeDriver.java:84)
at org.openqa.selenium.chrome.ChromeDriver.<init>(ChromeDriver.java:52)
at Com.ECommerce.BaseClass.SimpleBaseClass.SimpleBaseClass(SimpleBaseClass.java:31)
at java.base/java.util.ArrayList.forEach(ArrayList.java:1511)
... Removed 31 stack frames]]>
    </failure>
  </testcase> <!-- @BeforeMethod SimpleBaseClass -->
  <testcase classname="Com.ECommerce.BaseClass.SimpleBaseClass" name="@AfterMethod Teardown" time="0.0">
    <skipped/>
  </testcase> <!-- @AfterMethod Teardown -->
  <testcase classname="Com.Ecommerce.Testcases.TC_newRegistration" name="Register" time="0.0">
    <skipped/>
  </testcase> <!-- Register -->
</testsuite> <!-- Test -->
